<?xml version="1.0" encoding="UTF-8"?>
<!-- Generated by org.testng.reporters.JUnitXMLReporter -->
<testsuite hostname="ManzaComp" ignored="0" name="Default test" tests="5" failures="0" timestamp="15 мар 2017 12:02:36 GMT" time="23.75" errors="0">
  <testcase name="test_Home_Page_Title" time="0.017" classname="com.newtour.Testcases.Tests"/>
  <testcase name="test_registration" time="2.107" classname="com.newtour.Testcases.Tests"/>
  <testcase name="test_return_to_HomePage" time="3.043" classname="com.newtour.Testcases.Tests"/>
  <testcase name="test_expect_Home_Page" time="5.19" classname="com.newtour.Testcases.Tests"/>
  <testcase name="test_Sign_off" time="3.065" classname="com.newtour.Testcases.Tests"/>
</testsuite> <!-- Default test -->
